<?xml version="1.0" encoding="UTF-8"?>
<!-- Generated by org.testng.reporters.JUnitReportReporter -->
<testsuite hostname="ROUGUI" failures="0" tests="3" name="com.test.technique.selenium.testCase.ExerciceTestCase" time="71.829" errors="0" timestamp="05 janv. 2022 23:07:47 GMT" skipped="0">
  <testcase classname="com.test.technique.selenium.testCase.ExerciceTestCase" name="exercice_2" time="18.081"/>
  <testcase classname="com.test.technique.selenium.testCase.ExerciceTestCase" name="accueil" time="4.870"/>
  <testcase classname="com.test.technique.selenium.testCase.ExerciceTestCase" name="exercice_1" time="48.878"/>
</testsuite> <!-- com.test.technique.selenium.testCase.ExerciceTestCase -->
